# JRE version: Java(TM) SE Runtime Environment (8.0_321-b07) (build 1.8.0_321-b07)
# Java VM: Java HotSpot(TM) 64-Bit Server VM (25.321-b07 mixed mode bsd-amd64 compressed oops)
Heap:
 PSYoungGen      total 29696K, used 26965K [0x0000000795580000, 0x0000000797380000, 0x00000007c0000000)
  eden space 28672K, 93% used [0x0000000795580000,0x0000000796f9d598,0x0000000797180000)
  from space 1024K, 21% used [0x0000000797280000,0x00000007972b8000,0x0000000797380000)
  to   space 1024K, 0% used [0x0000000797180000,0x0000000797180000,0x0000000797280000)
 ParOldGen       total 92672K, used 45019K [0x0000000740000000, 0x0000000745a80000, 0x0000000795580000)
  object space 92672K, 48% used [0x0000000740000000,0x0000000742bf6c58,0x0000000745a80000)
 Metaspace       used 70063K, capacity 74966K, committed 76184K, reserved 1116160K
  class space    used 9255K, capacity 10126K, committed 10392K, reserved 1048576K
GC Heap History (10 events):
Event: 30938.603 GC heap before
{Heap before GC invocations=3496 (full 8):
 PSYoungGen      total 29696K, used 28928K [0x0000000795580000, 0x0000000797380000, 0x00000007c0000000)
  eden space 28672K, 100% used [0x0000000795580000,0x0000000797180000,0x0000000797180000)
  from space 1024K, 25% used [0x0000000797180000,0x00000007971c0000,0x0000000797280000)
  to   space 1024K, 0% used [0x0000000797280000,0x0000000797280000,0x0000000797380000)
 ParOldGen       total 92672K, used 45019K [0x0000000740000000, 0x0000000745a80000, 0x0000000795580000)
  object space 92672K, 48% used [0x0000000740000000,0x0000000742bf6c58,0x0000000745a80000)
 Metaspace       used 70063K, capacity 74966K, committed 76184K, reserved 1116160K
  class space    used 9255K, capacity 10126K, committed 10392K, reserved 1048576K
Event: 30938.606 GC heap after
Heap after GC invocations=3496 (full 8):
 PSYoungGen      total 29696K, used 288K [0x0000000795580000, 0x0000000797380000, 0x00000007c0000000)
  eden space 28672K, 0% used [0x0000000795580000,0x0000000795580000,0x0000000797180000)
  from space 1024K, 28% used [0x0000000797280000,0x00000007972c8000,0x0000000797380000)
  to   space 1024K, 0% used [0x0000000797180000,0x0000000797180000,0x0000000797280000)
 ParOldGen       total 92672K, used 45019K [0x0000000740000000, 0x0000000745a80000, 0x0000000795580000)
  object space 92672K, 48% used [0x0000000740000000,0x0000000742bf6c58,0x0000000745a80000)
 Metaspace       used 70063K, capacity 74966K, committed 76184K, reserved 1116160K
  class space    used 9255K, capacity 10126K, committed 10392K, reserved 1048576K
}
Event: 30947.150 GC heap before
{Heap before GC invocations=3497 (full 8):
 PSYoungGen      total 29696K, used 28960K [0x0000000795580000, 0x0000000797380000, 0x00000007c0000000)
  eden space 28672K, 100% used [0x0000000795580000,0x0000000797180000,0x0000000797180000)
  from space 1024K, 28% used [0x0000000797280000,0x00000007972c8000,0x0000000797380000)
  to   space 1024K, 0% used [0x0000000797180000,0x0000000797180000,0x0000000797280000)
 ParOldGen       total 92672K, used 45019K [0x0000000740000000, 0x0000000745a80000, 0x0000000795580000)
  object space 92672K, 48% used [0x0000000740000000,0x0000000742bf6c58,0x0000000745a80000)
 Metaspace       used 70063K, capacity 74966K, committed 76184K, reserved 1116160K
  class space    used 9255K, capacity 10126K, committed 10392K, reserved 1048576K
Event: 30947.154 GC heap after
Heap after GC invocations=3497 (full 8):
 PSYoungGen      total 29696K, used 288K [0x0000000795580000, 0x0000000797380000, 0x00000007c0000000)
  eden space 28672K, 0% used [0x0000000795580000,0x0000000795580000,0x0000000797180000)
  from space 1024K, 28% used [0x0000000797180000,0x00000007971c8000,0x0000000797280000)
  to   space 1024K, 0% used [0x0000000797280000,0x0000000797280000,0x0000000797380000)
 ParOldGen       total 92672K, used 45019K [0x0000000740000000, 0x0000000745a80000, 0x0000000795580000)
  object space 92672K, 48% used [0x0000000740000000,0x0000000742bf6c58,0x0000000745a80000)
 Metaspace       used 70063K, capacity 74966K, committed 76184K, reserved 1116160K
  class space    used 9255K, capacity 10126K, committed 10392K, reserved 1048576K
}
Event: 30955.679 GC heap before
{Heap before GC invocations=3498 (full 8):
 PSYoungGen      total 29696K, used 28960K [0x0000000795580000, 0x0000000797380000, 0x00000007c0000000)
  eden space 28672K, 100% used [0x0000000795580000,0x0000000797180000,0x0000000797180000)
  from space 1024K, 28% used [0x0000000797180000,0x00000007971c8000,0x0000000797280000)
  to   space 1024K, 0% used [0x0000000797280000,0x0000000797280000,0x0000000797380000)
 ParOldGen       total 92672K, used 45019K [0x0000000740000000, 0x0000000745a80000, 0x0000000795580000)
  object space 92672K, 48% used [0x0000000740000000,0x0000000742bf6c58,0x0000000745a80000)
 Metaspace       used 70063K, capacity 74966K, committed 76184K, reserved 1116160K
  class space    used 9255K, capacity 10126K, committed 10392K, reserved 1048576K
Event: 30955.683 GC heap after
Heap after GC invocations=3498 (full 8):
 PSYoungGen      total 29696K, used 384K [0x0000000795580000, 0x0000000797380000, 0x00000007c0000000)
  eden space 28672K, 0% used [0x0000000795580000,0x0000000795580000,0x0000000797180000)
  from space 1024K, 37% used [0x0000000797280000,0x00000007972e0000,0x0000000797380000)
  to   space 1024K, 0% used [0x0000000797180000,0x0000000797180000,0x0000000797280000)
 ParOldGen       total 92672K, used 45019K [0x0000000740000000, 0x0000000745a80000, 0x0000000795580000)
  object space 92672K, 48% used [0x0000000740000000,0x0000000742bf6c58,0x0000000745a80000)
 Metaspace       used 70063K, capacity 74966K, committed 76184K, reserved 1116160K
  class space    used 9255K, capacity 10126K, committed 10392K, reserved 1048576K
}
Event: 30964.216 GC heap before
{Heap before GC invocations=3499 (full 8):
 PSYoungGen      total 29696K, used 29056K [0x0000000795580000, 0x0000000797380000, 0x00000007c0000000)
  eden space 28672K, 100% used [0x0000000795580000,0x0000000797180000,0x0000000797180000)
  from space 1024K, 37% used [0x0000000797280000,0x00000007972e0000,0x0000000797380000)
  to   space 1024K, 0% used [0x0000000797180000,0x0000000797180000,0x0000000797280000)
 ParOldGen       total 92672K, used 45019K [0x0000000740000000, 0x0000000745a80000, 0x0000000795580000)
  object space 92672K, 48% used [0x0000000740000000,0x0000000742bf6c58,0x0000000745a80000)
 Metaspace       used 70063K, capacity 74966K, committed 76184K, reserved 1116160K
  class space    used 9255K, capacity 10126K, committed 10392K, reserved 1048576K
Event: 30964.219 GC heap after
Heap after GC invocations=3499 (full 8):
 PSYoungGen      total 29696K, used 384K [0x0000000795580000, 0x0000000797380000, 0x00000007c0000000)
  eden space 28672K, 0% used [0x0000000795580000,0x0000000795580000,0x0000000797180000)
  from space 1024K, 37% used [0x0000000797180000,0x00000007971e0000,0x0000000797280000)
  to   space 1024K, 0% used [0x0000000797280000,0x0000000797280000,0x0000000797380000)
 ParOldGen       total 92672K, used 45019K [0x0000000740000000, 0x0000000745a80000, 0x0000000795580000)
  object space 92672K, 48% used [0x0000000740000000,0x0000000742bf6c58,0x0000000745a80000)
 Metaspace       used 70063K, capacity 74966K, committed 76184K, reserved 1116160K
  class space    used 9255K, capacity 10126K, committed 10392K, reserved 1048576K
}
Event: 30973.848 GC heap before
{Heap before GC invocations=3500 (full 8):
 PSYoungGen      total 29696K, used 29056K [0x0000000795580000, 0x0000000797380000, 0x00000007c0000000)
  eden space 28672K, 100% used [0x0000000795580000,0x0000000797180000,0x0000000797180000)
  from space 1024K, 37% used [0x0000000797180000,0x00000007971e0000,0x0000000797280000)
  to   space 1024K, 0% used [0x0000000797280000,0x0000000797280000,0x0000000797380000)
 ParOldGen       total 92672K, used 45019K [0x0000000740000000, 0x0000000745a80000, 0x0000000795580000)
  object space 92672K, 48% used [0x0000000740000000,0x0000000742bf6c58,0x0000000745a80000)
 Metaspace       used 70063K, capacity 74966K, committed 76184K, reserved 1116160K
  class space    used 9255K, capacity 10126K, committed 10392K, reserved 1048576K
Event: 30973.870 GC heap after
Heap after GC invocations=3500 (full 8):
 PSYoungGen      total 29696K, used 224K [0x0000000795580000, 0x0000000797380000, 0x00000007c0000000)
  eden space 28672K, 0% used [0x0000000795580000,0x0000000795580000,0x0000000797180000)
  from space 1024K, 21% used [0x0000000797280000,0x00000007972b8000,0x0000000797380000)
  to   space 1024K, 0% used [0x0000000797180000,0x0000000797180000,0x0000000797280000)
 ParOldGen       total 92672K, used 45019K [0x0000000740000000, 0x0000000745a80000, 0x0000000795580000)
  object space 92672K, 48% used [0x0000000740000000,0x0000000742bf6c58,0x0000000745a80000)
 Metaspace       used 70063K, capacity 74966K, committed 76184K, reserved 1116160K
  class space    used 9255K, capacity 10126K, committed 10392K, reserved 1048576K
}

